Hardhat Ignition starting for [ TokenModule ]...[2K[1GHardhat Ignition 🚀

Deploying [ TokenModule ]

Batch #1
  Executing TokenModule#DAPP...
  Executing TokenModule#mLINK...
  Executing TokenModule#mUSDC...

[5A[0JBatch #1
  Executing TokenModule#DAPP...
  Executing TokenModule#mLINK...
  Executing TokenModule#mUSDC...

[5A[0JBatch #1
  Executed TokenModule#DAPP
  Executing TokenModule#mLINK...
  Executing TokenModule#mUSDC...

[5A[0JBatch #1
  Executed TokenModule#DAPP
  Executing TokenModule#mLINK...
  Executing TokenModule#mUSDC...

[5A[0JBatch #1
  Executed TokenModule#DAPP
  Executed TokenModule#mLINK
  Executing TokenModule#mUSDC...

[5A[0JBatch #1
  Executed TokenModule#DAPP
  Executed TokenModule#mLINK
  Executing TokenModule#mUSDC...

[5A[0JBatch #1
  Executed TokenModule#DAPP
  Executed TokenModule#mLINK
  Executed TokenModule#mUSDC

[5A[0JBatch #1
  Executed TokenModule#DAPP
  Executed TokenModule#mLINK
  Executed TokenModule#mUSDC

[ TokenModule ] successfully deployed 🚀

Deployed Addresses

TokenModule#DAPP - 0x5FbDB2315678afecb367f032d93F642f64180aa3
TokenModule#mLINK - 0xe7f1725E7734CE288F8367e1Bb143E90bb3F0512
TokenModule#mUSDC - 0x9fE46736679d2D9a65F0992F2272dE9f3c7fa6e0
Hardhat Ignition starting for [ ExchangeModule ]...[2K[1GHardhat Ignition 🚀

Resuming existing deployment from ./ignition/deployments/chain-31337

Deploying [ ExchangeModule ]

Warning - previously executed futures are not in the module:
 - TokenModule#DAPP
 - TokenModule#mLINK
 - TokenModule#mUSDC

Batch #1
  Executing ExchangeModule#Exchange...

[3A[0JBatch #1
  Executing ExchangeModule#Exchange...

[3A[0JBatch #1
  Executed ExchangeModule#Exchange

[3A[0JBatch #1
  Executed ExchangeModule#Exchange

[ ExchangeModule ] successfully deployed 🚀

Deployed Addresses

TokenModule#DAPP - 0x5FbDB2315678afecb367f032d93F642f64180aa3
TokenModule#mLINK - 0xe7f1725E7734CE288F8367e1Bb143E90bb3F0512
TokenModule#mUSDC - 0x9fE46736679d2D9a65F0992F2272dE9f3c7fa6e0
ExchangeModule#Exchange - 0xCf7Ed3AccA5a467e9e704C703E8D87F634fB0Fc9
Hardhat Ignition starting for [ FlashLoanUserModule ]...[2K[1GHardhat Ignition 🚀

Resuming existing deployment from ./ignition/deployments/chain-31337

Deploying [ FlashLoanUserModule ]

Warning - previously executed futures are not in the module:
 - TokenModule#DAPP
 - TokenModule#mLINK
 - TokenModule#mUSDC
 - ExchangeModule#Exchange

Batch #1
  Executing FlashLoanUserModule#FlashLoanUser...

[3A[0JBatch #1
  Executing FlashLoanUserModule#FlashLoanUser...

[3A[0JBatch #1
  Executed FlashLoanUserModule#FlashLoanUser

[3A[0JBatch #1
  Executed FlashLoanUserModule#FlashLoanUser

[ FlashLoanUserModule ] successfully deployed 🚀

Deployed Addresses

TokenModule#DAPP - 0x5FbDB2315678afecb367f032d93F642f64180aa3
TokenModule#mLINK - 0xe7f1725E7734CE288F8367e1Bb143E90bb3F0512
TokenModule#mUSDC - 0x9fE46736679d2D9a65F0992F2272dE9f3c7fa6e0
ExchangeModule#Exchange - 0xCf7Ed3AccA5a467e9e704C703E8D87F634fB0Fc9
FlashLoanUserModule#FlashLoanUser - 0x663F3ad617193148711d28f5334eE4Ed07016602
